2019.12.09, 06:49:01.0113 UTC -> ===========================
2019.12.09, 06:49:01.0114 UTC -> userId
2019.12.09, 06:49:01.0114 UTC -> 5dea29b86c9c8363a9878e02
2019.12.09, 06:49:01.0114 UTC -> display_name
2019.12.09, 06:49:01.0114 UTC -> Cbc Test
2019.12.09, 06:49:01.0114 UTC -> mobile_no
2019.12.09, 06:49:01.0114 UTC -> +91741852963
2019.12.09, 06:49:01.0114 UTC -> display_mobile_no
2019.12.09, 06:49:01.0114 UTC -> +91 74185 2963
2019.12.09, 06:49:01.0114 UTC -> ----------------------------
2019.12.09, 06:49:01.0116 UTC -> display_name
2019.12.09, 06:49:01.0116 UTC -> Ipsita
2019.12.09, 06:49:01.0116 UTC -> mobile_no
2019.12.09, 06:49:01.0116 UTC -> +918116668467
2019.12.09, 06:49:01.0116 UTC -> display_mobile_no
2019.12.09, 06:49:01.0116 UTC -> ----------------------------
2019.12.09, 06:49:01.0116 UTC -> +91 81166 68467
2019.12.09, 06:49:01.0117 UTC -> display_name
2019.12.09, 06:49:01.0117 UTC -> Test1
2019.12.09, 06:49:01.0117 UTC -> mobile_no
2019.12.09, 06:49:01.0117 UTC -> +918910000452
2019.12.09, 06:49:01.0117 UTC -> display_mobile_no
2019.12.09, 06:49:01.0117 UTC -> +91 89100 00452
2019.12.09, 06:49:01.0117 UTC -> ----------------------------
